运行命令: .venv/bin/python run_all.py --config configs/default.yaml --out results/all_methods.json --epochs 1 --methods cdrm_usa erm --sources 0

=== cdrm_usa_src0_seed2026 ===
[cdrm_usa_src0_seed2026] device=cuda train=4164 val=1041
[cdrm_usa_src0_seed2026] targets={1: 6142, 2: 6144, 3: 6156}
[cdrm_usa_src0_seed2026] ep00 loss=3.7487 tr_acc=0.4133 val_acc=0.4236 val_f1=0.2941
[cdrm_usa_src0_seed2026] summary -> results/logs/cdrm_usa_src0_seed2026.summary.json

=== erm_src0_seed2026 ===
[erm_src0_seed2026] device=cuda train=4164 val=1041
[erm_src0_seed2026] targets={1: 6142, 2: 6144, 3: 6156}
[erm_src0_seed2026] ep00 loss=1.8176 tr_acc=0.4402 val_acc=0.4352 val_f1=0.2947
[erm_src0_seed2026] summary -> results/logs/erm_src0_seed2026.summary.json
{
  "cdrm_usa": {
    "sources": {
      "0": {
        "val_macro_f1": 0.2940713274191751,
        "targets": {
          "1": {
            "acc": 0.4873005535656138,
            "macro_f1": 0.28923856827029726,
            "per_class_acc": [
              0.9374668598175049,
              0.0,
              0.9873417615890503,
              0.0381355918943882,
              0.031712472438812256,
              0.19703389704227448,
              0.0,
              0.29894736409187317,
              0.03164556995034218,
              1.0
            ],
            "confmat": [
              [
                1769,
                0,
                118,
                0,
                0,
                0,
                0,
                0,
                0,
                0
              ],
              [
                0,
                0,
                399,
                72,
                0,
                0,
                0,
                0,
                0,
                0
              ],
              [
                0,
                0,
                468,
                0,
                0,
                0,
                6,
                0,
                0,
                0
              ],
              [
                0,
                0,
                422,
                18,
                1,
                6,
                25,
                0,
                0,
                0
              ],
              [
                0,
                0,
                2,
                388,
                15,
                0,
                65,
                0,
                3,
                0
              ],
              [
                0,
                0,
                96,
                0,
                0,
                93,
                0,
                0,
                0,
                283
              ],
              [
                0,
                0,
                471,
                0,
                0,
                0,
                0,
                0,
                0,
                0
              ],
              [
                0,
                0,
                0,
                0,
                0,
                5,
                0,
                142,
                0,
                328
              ],
              [
                0,
                189,
                0,
                270,
                0,
                0,
                0,
                0,
                15,
                0
              ],
              [
                0,
                0,
                0,
                0,
                0,
                0,
                0,
                0,
                0,
                473
              ]
            ]
          },
          "2": {
            "acc": 0.5262044270833334,
            "macro_f1": 0.30926550927722607,
            "per_class_acc": [
              0.964040219783783,
              0.0,
              0.9978858232498169,
              0.5632911324501038,
              0.004219409078359604,
              0.14830508828163147,
              0.0,
              0.25265392661094666,
              0.012711863964796066,
              1.0
            ],
            "confmat": [
              [
                1823,
                0,
                68,
                0,
                0,
                0,
                0,
                0,
                0,
                0
              ],
              [
                0,
                0,
                366,
                105,
                0,
                0,
                0,
                0,
                0,
                0
              ],
              [
                0,
                0,
                472,
                0,
                0,
                0,
                1,
                0,
                0,
                0
              ],
              [
                0,
                0,
                207,
                267,
                0,
                0,
                0,
                0,
                0,
                0
              ],
              [
                0,
                0,
                2,
                300,
                2,
                0,
                169,
                0,
                1,
                0
              ],
              [
                0,
                0,
                228,
                0,
                0,
                70,
                0,
                0,
                0,
                174
              ],
              [
                0,
                0,
                472,
                0,
                0,
                0,
                0,
                0,
                0,
                0
              ],
              [
                0,
                0,
                0,
                0,
                0,
                0,
                0,
                119,
                0,
                352
              ],
              [
                0,
                129,
                0,
                337,
                0,
                0,
                0,
                0,
                6,
                0
              ],
              [
                0,
                0,
                0,
                0,
                0,
                0,
                0,
                0,
                0,
                474
              ]
            ]
          },
          "3": {
            "acc": 0.5570175438596491,
            "macro_f1": 0.3535006523143948,
            "per_class_acc": [
              0.9176346063613892,
              0.0,
              0.997890293598175,
              0.9894514679908752,
              0.33123689889907837,
              0.033898305147886276,
              0.0,
              0.18315789103507996,
              0.031712472438812256,
              1.0
            ],
            "confmat": [
              [
                1738,
                0,
                156,
                0,
                0,
                0,
                0,
                0,
                0,
                0
              ],
              [
                0,
                0,
                343,
                128,
                0,
                0,
                0,
                0,
                0,
                0
              ],
              [
                0,
                0,
                473,
                0,
                0,
                0,
                1,
                0,
                0,
                0
              ],
              [
                0,
                0,
                5,
                469,
                0,
                0,
                0,
                0,
                0,
                0
              ],
              [
                0,
                3,
                0,
                217,
                158,
                5,
                42,
                21,
                31,
                0
              ],
              [
                0,
                0,
                455,
                0,
                0,
                16,
                0,
                0,
                0,
                1
              ],
              [
                0,
                0,
                473,
                0,
                0,
                0,
                0,
                0,
                0,
                0
              ],
              [
                0,
                0,
                0,
                0,
                0,
                0,
                0,
                87,
                0,
                388
              ],
              [
                0,
                48,
                3,
                407,
                0,
                0,
                0,
                0,
                15,
                0
              ],
              [
                0,
                0,
                0,
                0,
                0,
                0,
                0,
                0,
                0,
                473
              ]
            ]
          }
        }
      }
    },
    "mean_acc": 0.5235075081695321,
    "mean_f1": 0.3173349099539727,
    "n": 1
  },
  "erm": {
    "sources": {
      "0": {
        "val_macro_f1": 0.2947316058938229,
        "targets": {
          "1": {
            "acc": 0.5465646369260827,
            "macro_f1": 0.33742052947963486,
            "per_class_acc": [
              1.0,
              0.6029723882675171,
              0.472573846578598,
              0.0,
              0.008456659503281116,
              0.0021186440717428923,
              0.0,
              0.021052632480859756,
              1.0,
              1.0
            ],
            "confmat": [
              [
                1887,
                0,
                0,
                0,
                0,
                0,
                0,
                0,
                0,
                0
              ],
              [
                0,
                284,
                187,
                0,
                0,
                0,
                0,
                0,
                0,
                0
              ],
              [
                0,
                0,
                224,
                0,
                0,
                0,
                0,
                0,
                0,
                250
              ],
              [
                0,
                20,
                422,
                0,
                3,
                19,
                0,
                2,
                6,
                0
              ],
              [
                0,
                0,
                0,
                0,
                4,
                0,
                0,
                359,
                110,
                0
              ],
              [
                0,
                0,
                0,
                0,
                0,
                1,
                0,
                0,
                0,
                471
              ],
              [
                0,
                0,
                2,
                0,
                0,
                0,
                0,
                0,
                0,
                469
              ],
              [
                0,
                0,
                0,
                0,
                0,
                0,
                0,
                10,
                0,
                465
              ],
              [
                0,
                0,
                0,
                0,
                0,
                0,
                0,
                0,
                474,
                0
              ],
              [
                0,
                0,
                0,
                0,
                0,
                0,
                0,
                0,
                0,
                473
              ]
            ]
          },
          "2": {
            "acc": 0.5641276041666666,
            "macro_f1": 0.3526910805889746,
            "per_class_acc": [
              1.0,
              0.7091295123100281,
              0.5729386806488037,
              0.0,
              0.03164556995034218,
              0.016949152573943138,
              0.0,
              0.002123142359778285,
              1.0,
              1.0
            ],
            "confmat": [
              [
                1891,
                0,
                0,
                0,
                0,
                0,
                0,
                0,
                0,
                0
              ],
              [
                0,
                334,
                137,
                0,
                0,
                0,
                0,
                0,
                0,
                0
              ],
              [
                0,
                1,
                271,
                0,
                0,
                0,
                0,
                0,
                0,
                201
              ],
              [
                0,
                467,
                3,
                0,
                0,
                0,
                0,
                0,
                4,
                0
              ],
              [
                0,
                0,
                0,
                0,
                15,
                0,
                0,
                388,
                71,
                0
              ],
              [
                0,
                0,
                2,
                0,
                0,
                8,
                0,
                0,
                0,
                462
              ],
              [
                0,
                0,
                8,
                0,
                0,
                0,
                0,
                0,
                0,
                464
              ],
              [
                0,
                0,
                0,
                0,
                0,
                0,
                0,
                1,
                0,
                470
              ],
              [
                0,
                0,
                0,
                0,
                0,
                0,
                0,
                0,
                472,
                0
              ],
              [
                0,
                0,
                0,
                0,
                0,
                0,
                0,
                0,
                0,
                474
              ]
            ]
          },
          "3": {
            "acc": 0.6106237816764133,
            "macro_f1": 0.3973775206985918,
            "per_class_acc": [
              1.0,
              0.7558386325836182,
              0.892405092716217,
              0.0,
              0.0,
              0.30296608805656433,
              0.0,
              0.0,
              0.9936575293540955,
              1.0
            ],
            "confmat": [
              [
                1894,
                0,
                0,
                0,
                0,
                0,
                0,
                0,
                0,
                0
              ],
              [
                0,
                356,
                115,
                0,
                0,
                0,
                0,
                0,
                0,
                0
              ],
              [
                0,
                12,
                423,
                0,
                0,
                0,
                0,
                0,
                0,
                39
              ],
              [
                0,
                374,
                0,
                0,
                0,
                0,
                0,
                0,
                100,
                0
              ],
              [
                0,
                0,
                0,
                0,
                0,
                0,
                0,
                331,
                146,
                0
              ],
              [
                0,
                0,
                273,
                0,
                0,
                143,
                0,
                0,
                0,
                56
              ],
              [
                0,
                0,
                2,
                0,
                0,
                0,
                0,
                0,
                0,
                471
              ],
              [
                0,
                0,
                0,
                0,
                0,
                0,
                0,
                0,
                0,
                475
              ],
              [
                0,
                0,
                0,
                0,
                0,
                3,
                0,
                0,
                470,
                0
              ],
              [
                0,
                0,
                0,
                0,
                0,
                0,
                0,
                0,
                0,
                473
              ]
            ]
          }
        }
      }
    },
    "mean_acc": 0.5737720075897209,
    "mean_f1": 0.3624963769224004,
    "n": 1
  }
}
